<?xml version="1.0" encoding="UTF-8"?>
<robot generator="Robot 4.1.3 (Python 3.10.2 on win32)" generated="20220208 21:16:36.976" rpa="false" schemaversion="2">
<suite id="s1" name="Oranage Hrm Suite" source="C:\Users\koush\PycharmProjects\pythonProject\selenium_suite\oranage_hrm_suite.robot">
<test id="s1-t1" name="TC1 Valid Login">
<kw name="Append To Environment Variable" library="OperatingSystem">
<arg>Path</arg>
<arg>${EXECDIR}\\drivers</arg>
<doc>Appends given ``values`` to environment variable ``name``.</doc>
<msg timestamp="20220208 21:16:37.163" level="INFO">Environment variable 'Path' set to value 'C:\Program Files (x86)\Common Files\Oracle\Java\javapath;C:\Program Files\Python310\Scripts\;C:\Program Files\Python310\;C:\Windows\system32;C:\Windows;C:\Windows\System32\Wbem;C:\Windows\System32\WindowsPowerShell\v1.0\;C:\Windows\System32\OpenSSH\;C:\Program Files (x86)\NVIDIA Corporation\PhysX\Common;C:\Program Files\NVIDIA Corporation\NVIDIA NvDLISR;C:\WINDOWS\system32;C:\WINDOWS;C:\WINDOWS\System32\Wbem;C:\WINDOWS\System32\WindowsPowerShell\v1.0\;C:\WINDOWS\System32\OpenSSH\;C:\Users\koush\AppData\Local\Programs\Python\Python38\Scripts\;C:\Users\koush\AppData\Local\Programs\Python\Python38\;C:\Users\koush\AppData\Local\Microsoft\WindowsApps;C:\Users\koush\AppData\Local\GitHubDesktop\bin;C:\Users\koush\AppData\Local\Programs\Microsoft VS Code\bin;;C:\Users\koush\PycharmProjects\pythonProject\drivers'.</msg>
<status status="PASS" starttime="20220208 21:16:37.163" endtime="20220208 21:16:37.179"/>
</kw>
<kw name="Open Browser" library="SeleniumLibrary">
<arg>url=https://opensource-demo.orangehrmlive.com/</arg>
<arg>browser=chrome</arg>
<doc>Opens a new browser instance to the optional ``url``.</doc>
<msg timestamp="20220208 21:16:37.179" level="INFO">Opening browser 'chrome' to base url 'https://opensource-demo.orangehrmlive.com/'.</msg>
<status status="PASS" starttime="20220208 21:16:37.179" endtime="20220208 21:16:41.968"/>
</kw>
<kw name="Input Text" library="SeleniumLibrary">
<arg>id=txtUsername</arg>
<arg>Admin</arg>
<doc>Types the given ``text`` into the text field identified by ``locator``.</doc>
<msg timestamp="20220208 21:16:41.969" level="INFO">Typing text 'Admin' into text field 'id=txtUsername'.</msg>
<status status="PASS" starttime="20220208 21:16:41.969" endtime="20220208 21:16:42.078"/>
</kw>
<kw name="Input Password" library="SeleniumLibrary">
<arg>id=txtPassword</arg>
<arg>admin123</arg>
<doc>Types the given password into the text field identified by ``locator``.</doc>
<msg timestamp="20220208 21:16:42.078" level="INFO">Typing password into text field 'id=txtPassword'.</msg>
<msg timestamp="20220208 21:16:42.109" level="INFO">Temporally setting log level to: NONE</msg>
<msg timestamp="20220208 21:16:42.172" level="INFO">Log level changed from NONE to INFO.</msg>
<status status="PASS" starttime="20220208 21:16:42.078" endtime="20220208 21:16:42.172"/>
</kw>
<kw name="Click Element" library="SeleniumLibrary">
<arg>name=Submit</arg>
<doc>Click the element identified by ``locator``.</doc>
<msg timestamp="20220208 21:16:42.172" level="INFO">Clicking element 'name=Submit'.</msg>
<status status="PASS" starttime="20220208 21:16:42.172" endtime="20220208 21:16:47.145"/>
</kw>
<kw name="Get Location" library="SeleniumLibrary">
<var>${url}</var>
<doc>Returns the current browser window URL.</doc>
<msg timestamp="20220208 21:16:47.153" level="INFO">${url} = https://opensource-demo.orangehrmlive.com/index.php/dashboard</msg>
<status status="PASS" starttime="20220208 21:16:47.145" endtime="20220208 21:16:47.153"/>
</kw>
<kw name="Log To Console" library="BuiltIn">
<arg>${url}</arg>
<doc>Logs the given message to the console.</doc>
<status status="PASS" starttime="20220208 21:16:47.154" endtime="20220208 21:16:47.154"/>
</kw>
<kw name="Click Element" library="SeleniumLibrary">
<arg>id=welcome</arg>
<doc>Click the element identified by ``locator``.</doc>
<msg timestamp="20220208 21:16:47.155" level="INFO">Clicking element 'id=welcome'.</msg>
<status status="PASS" starttime="20220208 21:16:47.155" endtime="20220208 21:16:47.205"/>
</kw>
<kw name="Sleep" library="BuiltIn">
<arg>5s</arg>
<doc>Pauses the test executed for the given time.</doc>
<msg timestamp="20220208 21:16:52.212" level="INFO">Slept 5 seconds</msg>
<status status="PASS" starttime="20220208 21:16:47.206" endtime="20220208 21:16:52.212"/>
</kw>
<kw name="Click Element" library="SeleniumLibrary">
<arg>link=logout</arg>
<doc>Click the element identified by ``locator``.</doc>
<msg timestamp="20220208 21:16:52.213" level="INFO">Clicking element 'link=logout'.</msg>
<msg timestamp="20220208 21:16:52.362" level="INFO" html="true">&lt;/td&gt;&lt;/tr&gt;&lt;tr&gt;&lt;td colspan="3"&gt;&lt;a href="selenium-screenshot-1.png"&gt;&lt;img src="selenium-screenshot-1.png" width="800px"&gt;&lt;/a&gt;</msg>
<msg timestamp="20220208 21:16:52.366" level="FAIL">Element with locator 'link=logout' not found.</msg>
<status status="FAIL" starttime="20220208 21:16:52.213" endtime="20220208 21:16:52.366"/>
</kw>
<kw name="Close Browser" library="SeleniumLibrary">
<doc>Closes the current browser.</doc>
<status status="NOT RUN" starttime="20220208 21:16:52.367" endtime="20220208 21:16:52.367"/>
</kw>
<status status="FAIL" starttime="20220208 21:16:37.163" endtime="20220208 21:16:52.368">Element with locator 'link=logout' not found.</status>
</test>
<status status="FAIL" starttime="20220208 21:16:36.976" endtime="20220208 21:16:52.370"/>
</suite>
<statistics>
<total>
<stat pass="0" fail="1" skip="0">All Tests</stat>
</total>
<tag>
</tag>
<suite>
<stat pass="0" fail="1" skip="0" id="s1" name="Oranage Hrm Suite">Oranage Hrm Suite</stat>
</suite>
</statistics>
<errors>
</errors>
</robot>
