<?xml version="1.0" encoding="UTF-8"?>
<robot generator="Robot 4.1.3 (Python 3.10.2 on win32)" generated="20220213 22:42:11.358" rpa="false" schemaversion="2">
<suite id="s1" name="Selenium Suite" source="C:\Users\koush\PycharmProjects\pythonProject\selenium_suite\selenium_suite.robot">
<test id="s1-t1" name="TC1 Valid Login">
<kw name="Append To Environment Variable" library="OperatingSystem">
<arg>path</arg>
<arg>${EXECDIR}\\drivers</arg>
<doc>Appends given ``values`` to environment variable ``name``.</doc>
<msg timestamp="20220213 22:42:11.561" level="INFO">Environment variable 'path' set to value 'C:\Program Files (x86)\Common Files\Oracle\Java\javapath;C:\Program Files\Python310\Scripts\;C:\Program Files\Python310\;C:\Windows\system32;C:\Windows;C:\Windows\System32\Wbem;C:\Windows\System32\WindowsPowerShell\v1.0\;C:\Windows\System32\OpenSSH\;C:\Program Files (x86)\NVIDIA Corporation\PhysX\Common;C:\Program Files\NVIDIA Corporation\NVIDIA NvDLISR;C:\WINDOWS\system32;C:\WINDOWS;C:\WINDOWS\System32\Wbem;C:\WINDOWS\System32\WindowsPowerShell\v1.0\;C:\WINDOWS\System32\OpenSSH\;C:\Program Files\Git\cmd;C:\Users\koush\AppData\Local\Programs\Python\Python38\Scripts\;C:\Users\koush\AppData\Local\Programs\Python\Python38\;C:\Users\koush\AppData\Local\Microsoft\WindowsApps;C:\Users\koush\AppData\Local\GitHubDesktop\bin;C:\Users\koush\AppData\Local\Programs\Microsoft VS Code\bin;;C:\Users\koush\PycharmProjects\pythonProject\drivers'.</msg>
<status status="PASS" starttime="20220213 22:42:11.561" endtime="20220213 22:42:11.561"/>
</kw>
<kw name="Open Browser" library="SeleniumLibrary">
<arg>url=https://demo.openemr.io/b/openemr/index.php</arg>
<arg>browser=chrome</arg>
<doc>Opens a new browser instance to the optional ``url``.</doc>
<msg timestamp="20220213 22:42:11.561" level="INFO">Opening browser 'chrome' to base url 'https://demo.openemr.io/b/openemr/index.php'.</msg>
<status status="PASS" starttime="20220213 22:42:11.561" endtime="20220213 22:42:16.294"/>
</kw>
<kw name="Maximize Browser Window" library="SeleniumLibrary">
<doc>Maximizes current browser window.</doc>
<status status="PASS" starttime="20220213 22:42:16.295" endtime="20220213 22:42:16.424"/>
</kw>
<kw name="Set Selenium Speed" library="SeleniumLibrary">
<arg>1s</arg>
<doc>Sets the delay that is waited after each Selenium command.</doc>
<status status="PASS" starttime="20220213 22:42:16.424" endtime="20220213 22:42:16.424"/>
</kw>
<kw name="Input Text" library="SeleniumLibrary">
<arg>id=authUser</arg>
<arg>admin</arg>
<doc>Types the given ``text`` into the text field identified by ``locator``.</doc>
<msg timestamp="20220213 22:42:16.424" level="INFO">Typing text 'admin' into text field 'id=authUser'.</msg>
<status status="PASS" starttime="20220213 22:42:16.424" endtime="20220213 22:42:19.638"/>
</kw>
<kw name="Reload Page" library="SeleniumLibrary">
<doc>Simulates user reloading page.</doc>
<status status="PASS" starttime="20220213 22:42:19.638" endtime="20220213 22:42:21.083"/>
</kw>
<kw name="Input Password" library="SeleniumLibrary">
<arg>id=clearPass</arg>
<arg>pass</arg>
<doc>Types the given password into the text field identified by ``locator``.</doc>
<msg timestamp="20220213 22:42:21.083" level="INFO">Typing password into text field 'id=clearPass'.</msg>
<msg timestamp="20220213 22:42:23.140" level="INFO">Temporally setting log level to: NONE</msg>
<msg timestamp="20220213 22:42:24.245" level="INFO">Log level changed from NONE to INFO.</msg>
<status status="PASS" starttime="20220213 22:42:21.083" endtime="20220213 22:42:24.245"/>
</kw>
<kw name="Select From List By Label" library="SeleniumLibrary">
<arg>name=languageChoice</arg>
<arg>English (Indian)</arg>
<doc>Selects options from selection list ``locator`` by ``labels``.</doc>
<msg timestamp="20220213 22:42:24.245" level="INFO">Selecting options from selection list 'name=languageChoice' by label English (Indian).</msg>
<status status="PASS" starttime="20220213 22:42:24.245" endtime="20220213 22:42:31.486"/>
</kw>
<kw name="Get Text" library="SeleniumLibrary">
<var>${appdesc}</var>
<arg>xpath=//p[contains(text(),'most')]</arg>
<doc>Returns the text value of the element identified by ``locator``.</doc>
<msg timestamp="20220213 22:42:33.497" level="INFO">${appdesc} = The most popular open-source Electronic Health Record and Medical Practice Management solution.</msg>
<status status="PASS" starttime="20220213 22:42:31.486" endtime="20220213 22:42:33.497"/>
</kw>
<kw name="Log To Console" library="BuiltIn">
<arg>${appdesc}</arg>
<doc>Logs the given message to the console.</doc>
<status status="PASS" starttime="20220213 22:42:33.497" endtime="20220213 22:42:33.497"/>
</kw>
<kw name="Get Selected List Label" library="SeleniumLibrary">
<var>${selecteddropdownlabel}</var>
<arg>name=languageChoice</arg>
<doc>Returns the label of selected option from selection list ``locator``.</doc>
<msg timestamp="20220213 22:42:54.888" level="INFO">${selecteddropdownlabel} = English (Indian)</msg>
<status status="PASS" starttime="20220213 22:42:33.497" endtime="20220213 22:42:54.888"/>
</kw>
<kw name="Log To Console" library="BuiltIn">
<arg>${selecteddropdownlabel}</arg>
<doc>Logs the given message to the console.</doc>
<status status="PASS" starttime="20220213 22:42:54.888" endtime="20220213 22:42:54.888"/>
</kw>
<status status="PASS" starttime="20220213 22:42:11.561" endtime="20220213 22:42:54.888"/>
</test>
<status status="PASS" starttime="20220213 22:42:11.373" endtime="20220213 22:42:54.888"/>
</suite>
<statistics>
<total>
<stat pass="1" fail="0" skip="0">All Tests</stat>
</total>
<tag>
</tag>
<suite>
<stat pass="1" fail="0" skip="0" id="s1" name="Selenium Suite">Selenium Suite</stat>
</suite>
</statistics>
<errors>
</errors>
</robot>
