<?xml version="1.0" encoding="UTF-8"?>
<robot generator="Robot 4.1.3 (Python 3.10.2 on win32)" generated="20220209 12:42:54.650" rpa="false" schemaversion="2">
<suite id="s1" name="Openemr Suite" source="C:\Users\koush\PycharmProjects\pythonProject\selenium_suite\openemr_suite.robot">
<test id="s1-t1" name="TC1 Valid Login">
<kw name="Append To Environment Variable" library="OperatingSystem">
<arg>Path</arg>
<arg>${EXECDIR}\\drivers</arg>
<doc>Appends given ``values`` to environment variable ``name``.</doc>
<msg timestamp="20220209 12:42:54.898" level="INFO">Environment variable 'Path' set to value 'C:\Program Files (x86)\Common Files\Oracle\Java\javapath;C:\Program Files\Python310\Scripts\;C:\Program Files\Python310\;C:\Windows\system32;C:\Windows;C:\Windows\System32\Wbem;C:\Windows\System32\WindowsPowerShell\v1.0\;C:\Windows\System32\OpenSSH\;C:\Program Files (x86)\NVIDIA Corporation\PhysX\Common;C:\Program Files\NVIDIA Corporation\NVIDIA NvDLISR;C:\WINDOWS\system32;C:\WINDOWS;C:\WINDOWS\System32\Wbem;C:\WINDOWS\System32\WindowsPowerShell\v1.0\;C:\WINDOWS\System32\OpenSSH\;C:\Users\koush\AppData\Local\Programs\Python\Python38\Scripts\;C:\Users\koush\AppData\Local\Programs\Python\Python38\;C:\Users\koush\AppData\Local\Microsoft\WindowsApps;C:\Users\koush\AppData\Local\GitHubDesktop\bin;C:\Users\koush\AppData\Local\Programs\Microsoft VS Code\bin;C:\Users\koush\PycharmProjects\pythonProject\drivers'.</msg>
<status status="PASS" starttime="20220209 12:42:54.898" endtime="20220209 12:42:54.899"/>
</kw>
<kw name="Open Browser" library="SeleniumLibrary">
<arg>url=https://demo.openemr.io/b/openemr/index.php</arg>
<arg>browser=chrome</arg>
<doc>Opens a new browser instance to the optional ``url``.</doc>
<msg timestamp="20220209 12:42:54.900" level="INFO">Opening browser 'chrome' to base url 'https://demo.openemr.io/b/openemr/index.php'.</msg>
<status status="PASS" starttime="20220209 12:42:54.899" endtime="20220209 12:42:59.456"/>
</kw>
<kw name="Maximize Browser Window" library="SeleniumLibrary">
<doc>Maximizes current browser window.</doc>
<status status="PASS" starttime="20220209 12:42:59.457" endtime="20220209 12:42:59.601"/>
</kw>
<kw name="Set Selenium Implicit Wait" library="SeleniumLibrary">
<arg>30s</arg>
<doc>Sets the implicit wait value used by Selenium.</doc>
<status status="PASS" starttime="20220209 12:42:59.602" endtime="20220209 12:42:59.605"/>
</kw>
<kw name="Input Text" library="SeleniumLibrary">
<arg>id=authUser</arg>
<arg>admin</arg>
<doc>Types the given ``text`` into the text field identified by ``locator``.</doc>
<msg timestamp="20220209 12:42:59.606" level="INFO">Typing text 'admin' into text field 'id=authUser'.</msg>
<status status="PASS" starttime="20220209 12:42:59.605" endtime="20220209 12:42:59.754"/>
</kw>
<kw name="Input Password" library="SeleniumLibrary">
<arg>id=clearpass</arg>
<arg>pass</arg>
<doc>Types the given password into the text field identified by ``locator``.</doc>
<msg timestamp="20220209 12:42:59.755" level="INFO">Typing password into text field 'id=clearpass'.</msg>
<msg timestamp="20220209 12:43:30.010" level="INFO" html="true">&lt;/td&gt;&lt;/tr&gt;&lt;tr&gt;&lt;td colspan="3"&gt;&lt;a href="selenium-screenshot-5.png"&gt;&lt;img src="selenium-screenshot-5.png" width="800px"&gt;&lt;/a&gt;</msg>
<msg timestamp="20220209 12:43:30.018" level="FAIL">Element with locator 'id=clearpass' not found.</msg>
<status status="FAIL" starttime="20220209 12:42:59.755" endtime="20220209 12:43:30.018"/>
</kw>
<kw name="Select From List By Label" library="SeleniumLibrary">
<arg>name=languageChoice</arg>
<arg>English (Indian)</arg>
<doc>Selects options from selection list ``locator`` by ``labels``.</doc>
<status status="NOT RUN" starttime="20220209 12:43:30.019" endtime="20220209 12:43:30.019"/>
</kw>
<kw name="Click Element" library="SeleniumLibrary">
<arg>xpath=//button[@type='submit']</arg>
<doc>Click the element identified by ``locator``.</doc>
<status status="NOT RUN" starttime="20220209 12:43:30.020" endtime="20220209 12:43:30.020"/>
</kw>
<kw name="Get Title" library="SeleniumLibrary">
<var>${title}</var>
<doc>Returns the title of the current page.</doc>
<status status="NOT RUN" starttime="20220209 12:43:30.020" endtime="20220209 12:43:30.021"/>
</kw>
<kw name="Log To Console" library="BuiltIn">
<arg>${title}</arg>
<doc>Logs the given message to the console.</doc>
<status status="NOT RUN" starttime="20220209 12:43:30.021" endtime="20220209 12:43:30.022"/>
</kw>
<kw name="Title Should Be" library="SeleniumLibrary">
<arg>OpenEMR</arg>
<doc>Verifies that the current page title equals ``title``.</doc>
<status status="NOT RUN" starttime="20220209 12:43:30.022" endtime="20220209 12:43:30.022"/>
</kw>
<kw name="Close Browser" library="SeleniumLibrary">
<doc>Closes the current browser.</doc>
<status status="NOT RUN" starttime="20220209 12:43:30.023" endtime="20220209 12:43:30.023"/>
</kw>
<status status="FAIL" starttime="20220209 12:42:54.897" endtime="20220209 12:43:30.024">Element with locator 'id=clearpass' not found.</status>
</test>
<status status="FAIL" starttime="20220209 12:42:54.652" endtime="20220209 12:43:30.026"/>
</suite>
<statistics>
<total>
<stat pass="0" fail="1" skip="0">All Tests</stat>
</total>
<tag>
</tag>
<suite>
<stat pass="0" fail="1" skip="0" id="s1" name="Openemr Suite">Openemr Suite</stat>
</suite>
</statistics>
<errors>
</errors>
</robot>
