<?xml version="1.0" encoding="UTF-8"?>
<robot generator="Robot 4.1.3 (Python 3.10.2 on win32)" generated="20220209 15:37:34.232" rpa="false" schemaversion="2">
<suite id="s1" name="Meddibuddy" source="C:\Users\koush\PycharmProjects\pythonProject\selenium_suite\meddibuddy.robot">
<test id="s1-t1" name="TC1 Valid Login">
<kw name="Append To Environment Variable" library="OperatingSystem">
<arg>Path</arg>
<arg>${EXECDIR}\\drivers</arg>
<doc>Appends given ``values`` to environment variable ``name``.</doc>
<msg timestamp="20220209 15:37:34.551" level="INFO">Environment variable 'Path' set to value 'C:\Program Files (x86)\Common Files\Oracle\Java\javapath;C:\Program Files\Python310\Scripts\;C:\Program Files\Python310\;C:\Windows\system32;C:\Windows;C:\Windows\System32\Wbem;C:\Windows\System32\WindowsPowerShell\v1.0\;C:\Windows\System32\OpenSSH\;C:\Program Files (x86)\NVIDIA Corporation\PhysX\Common;C:\Program Files\NVIDIA Corporation\NVIDIA NvDLISR;C:\WINDOWS\system32;C:\WINDOWS;C:\WINDOWS\System32\Wbem;C:\WINDOWS\System32\WindowsPowerShell\v1.0\;C:\WINDOWS\System32\OpenSSH\;C:\Program Files\Git\cmd;C:\Users\koush\AppData\Local\Programs\Python\Python38\Scripts\;C:\Users\koush\AppData\Local\Programs\Python\Python38\;C:\Users\koush\AppData\Local\Microsoft\WindowsApps;C:\Users\koush\AppData\Local\GitHubDesktop\bin;C:\Users\koush\AppData\Local\Programs\Microsoft VS Code\bin;;C:\Users\koush\PycharmProjects\pythonProject\drivers'.</msg>
<status status="PASS" starttime="20220209 15:37:34.551" endtime="20220209 15:37:34.551"/>
</kw>
<kw name="Open Browser" library="SeleniumLibrary">
<arg>url=https://www.medibuddy.in/</arg>
<arg>browser=chrome</arg>
<doc>Opens a new browser instance to the optional ``url``.</doc>
<msg timestamp="20220209 15:37:34.552" level="INFO">Opening browser 'chrome' to base url 'https://www.medibuddy.in/'.</msg>
<status status="PASS" starttime="20220209 15:37:34.552" endtime="20220209 15:37:38.489"/>
</kw>
<kw name="Maximize Browser Window" library="SeleniumLibrary">
<doc>Maximizes current browser window.</doc>
<status status="PASS" starttime="20220209 15:37:38.490" endtime="20220209 15:37:38.635"/>
</kw>
<kw name="Set Selenium Implicit Wait" library="SeleniumLibrary">
<arg>30s</arg>
<doc>Sets the implicit wait value used by Selenium.</doc>
<status status="PASS" starttime="20220209 15:37:38.636" endtime="20220209 15:37:38.638"/>
</kw>
<kw name="Click Element" library="SeleniumLibrary">
<arg>link=For Employer</arg>
<doc>Click the element identified by ``locator``.</doc>
<msg timestamp="20220209 15:37:38.639" level="INFO">Clicking element 'link=For Employer'.</msg>
<status status="PASS" starttime="20220209 15:37:38.638" endtime="20220209 15:37:40.890"/>
</kw>
<kw name="Switch Window" library="SeleniumLibrary">
<arg>Medibuddy LaunchPad</arg>
<doc>Switches to browser window matching ``locator``.</doc>
<msg timestamp="20220209 15:37:44.714" level="INFO" html="true">&lt;/td&gt;&lt;/tr&gt;&lt;tr&gt;&lt;td colspan="3"&gt;&lt;a href="selenium-screenshot-7.png"&gt;&lt;img src="selenium-screenshot-7.png" width="800px"&gt;&lt;/a&gt;</msg>
<msg timestamp="20220209 15:37:44.718" level="FAIL">No window matching handle, name, title or URL 'Medibuddy LaunchPad' found.</msg>
<status status="FAIL" starttime="20220209 15:37:40.891" endtime="20220209 15:37:44.718"/>
</kw>
<kw name="Click Element" library="SeleniumLibrary">
<arg>link=Sign up</arg>
<doc>Click the element identified by ``locator``.</doc>
<status status="NOT RUN" starttime="20220209 15:37:44.719" endtime="20220209 15:37:44.719"/>
</kw>
<kw name="Input Text" library="SeleniumLibrary">
<arg>id=name</arg>
<arg>kaushi</arg>
<doc>Types the given ``text`` into the text field identified by ``locator``.</doc>
<status status="NOT RUN" starttime="20220209 15:37:44.720" endtime="20220209 15:37:44.720"/>
</kw>
<kw name="Input Text" library="SeleniumLibrary">
<arg>name=email</arg>
<arg>kaushi@gmail.com</arg>
<doc>Types the given ``text`` into the text field identified by ``locator``.</doc>
<status status="NOT RUN" starttime="20220209 15:37:44.721" endtime="20220209 15:37:44.722"/>
</kw>
<kw name="Input Text" library="SeleniumLibrary">
<arg>id=companyName</arg>
<arg>CCCs</arg>
<doc>Types the given ``text`` into the text field identified by ``locator``.</doc>
<status status="NOT RUN" starttime="20220209 15:37:44.723" endtime="20220209 15:37:44.723"/>
</kw>
<kw name="Input Text" library="SeleniumLibrary">
<arg>id=mobilenumber</arg>
<arg>899564322</arg>
<doc>Types the given ``text`` into the text field identified by ``locator``.</doc>
<status status="NOT RUN" starttime="20220209 15:37:44.724" endtime="20220209 15:37:44.724"/>
</kw>
<kw name="Click Element" library="SeleniumLibrary">
<arg>xpath=//input[@value='Next']</arg>
<doc>Click the element identified by ``locator``.</doc>
<status status="NOT RUN" starttime="20220209 15:37:44.725" endtime="20220209 15:37:44.725"/>
</kw>
<kw name="Close Window" library="SeleniumLibrary">
<doc>Closes currently opened and selected browser window/tab.</doc>
<status status="NOT RUN" starttime="20220209 15:37:44.726" endtime="20220209 15:37:44.726"/>
</kw>
<status status="FAIL" starttime="20220209 15:37:34.550" endtime="20220209 15:37:44.727">No window matching handle, name, title or URL 'Medibuddy LaunchPad' found.</status>
</test>
<status status="FAIL" starttime="20220209 15:37:34.236" endtime="20220209 15:37:44.729"/>
</suite>
<statistics>
<total>
<stat pass="0" fail="1" skip="0">All Tests</stat>
</total>
<tag>
</tag>
<suite>
<stat pass="0" fail="1" skip="0" id="s1" name="Meddibuddy">Meddibuddy</stat>
</suite>
</statistics>
<errors>
</errors>
</robot>
