<?xml version="1.0" encoding="UTF-8"?>
<robot generator="Robot 4.1.3 (Python 3.10.2 on win32)" generated="20220210 10:15:44.841" rpa="false" schemaversion="2">
<suite id="s1" name="Demo2 Suite" source="C:\Users\koush\PycharmProjects\pythonProject\robot_suite\demo2_suite.robot">
<test id="s1-t1" name="TC1">
<kw name="Log To Console" library="BuiltIn">
<arg>${EXECDIR}</arg>
<doc>Logs the given message to the console.</doc>
<status status="PASS" starttime="20220210 10:15:44.874" endtime="20220210 10:15:44.874"/>
</kw>
<kw name="Log To Console" library="BuiltIn">
<arg>C:\\Users\\koush\\PycharmProjects\\pythonProject\\robot_suite</arg>
<doc>Logs the given message to the console.</doc>
<status status="PASS" starttime="20220210 10:15:44.875" endtime="20220210 10:15:44.875"/>
</kw>
<kw name="Log To Console" library="BuiltIn">
<arg>${OUTPUT_DIR}</arg>
<doc>Logs the given message to the console.</doc>
<status status="PASS" starttime="20220210 10:15:44.875" endtime="20220210 10:15:44.876"/>
</kw>
<kw name="Log To Console" library="BuiltIn">
<arg>${EXECDIR}${/}drivers${/}chromedriver.exe</arg>
<doc>Logs the given message to the console.</doc>
<status status="PASS" starttime="20220210 10:15:44.876" endtime="20220210 10:15:44.877"/>
</kw>
<kw name="Log To Console" library="BuiltIn">
<arg>${SUITE_NAME}</arg>
<doc>Logs the given message to the console.</doc>
<status status="PASS" starttime="20220210 10:15:44.877" endtime="20220210 10:15:44.878"/>
</kw>
<kw name="Log To Console" library="BuiltIn">
<arg>${TEST_NAME}</arg>
<doc>Logs the given message to the console.</doc>
<status status="PASS" starttime="20220210 10:15:44.878" endtime="20220210 10:15:44.878"/>
</kw>
<kw name="Log To Console" library="BuiltIn">
<arg>${TEMPDIR}</arg>
<doc>Logs the given message to the console.</doc>
<status status="PASS" starttime="20220210 10:15:44.879" endtime="20220210 10:15:44.879"/>
</kw>
<kw name="Log To Console" library="BuiltIn">
<arg>${MY_NAME}</arg>
<doc>Logs the given message to the console.</doc>
<status status="PASS" starttime="20220210 10:15:44.879" endtime="20220210 10:15:44.880"/>
</kw>
<kw name="Log To Console" library="BuiltIn">
<arg>${COLORS}</arg>
<doc>Logs the given message to the console.</doc>
<status status="PASS" starttime="20220210 10:15:44.880" endtime="20220210 10:15:44.881"/>
</kw>
<kw name="Log To Console" library="BuiltIn">
<arg>${COLORS}[0]</arg>
<doc>Logs the given message to the console.</doc>
<status status="PASS" starttime="20220210 10:15:44.881" endtime="20220210 10:15:44.882"/>
</kw>
<status status="PASS" starttime="20220210 10:15:44.873" endtime="20220210 10:15:44.882"/>
</test>
<test id="s1-t2" name="TC2">
<kw name="Get Length" library="BuiltIn">
<var>${count}</var>
<arg>${COLORS}</arg>
<doc>Returns and logs the length of the given item as an integer.</doc>
<msg timestamp="20220210 10:15:44.884" level="INFO">Length is 3</msg>
<msg timestamp="20220210 10:15:44.884" level="INFO">${count} = 3</msg>
<status status="PASS" starttime="20220210 10:15:44.883" endtime="20220210 10:15:44.884"/>
</kw>
<kw name="Log To Console" library="BuiltIn">
<arg>${count}</arg>
<doc>Logs the given message to the console.</doc>
<status status="PASS" starttime="20220210 10:15:44.884" endtime="20220210 10:15:44.884"/>
</kw>
<for flavor="IN RANGE">
<var>${i}</var>
<value>0</value>
<value>${count}</value>
<iter>
<var name="${i}">0</var>
<kw name="Log To Console" library="BuiltIn">
<arg>${COLORS}[${i}]</arg>
<doc>Logs the given message to the console.</doc>
<status status="PASS" starttime="20220210 10:15:44.885" endtime="20220210 10:15:44.886"/>
</kw>
<status status="PASS" starttime="20220210 10:15:44.885" endtime="20220210 10:15:44.886"/>
</iter>
<iter>
<var name="${i}">1</var>
<kw name="Log To Console" library="BuiltIn">
<arg>${COLORS}[${i}]</arg>
<doc>Logs the given message to the console.</doc>
<status status="PASS" starttime="20220210 10:15:44.886" endtime="20220210 10:15:44.886"/>
</kw>
<status status="PASS" starttime="20220210 10:15:44.886" endtime="20220210 10:15:44.886"/>
</iter>
<iter>
<var name="${i}">2</var>
<kw name="Log To Console" library="BuiltIn">
<arg>${COLORS}[${i}]</arg>
<doc>Logs the given message to the console.</doc>
<status status="PASS" starttime="20220210 10:15:44.887" endtime="20220210 10:15:44.887"/>
</kw>
<status status="PASS" starttime="20220210 10:15:44.886" endtime="20220210 10:15:44.887"/>
</iter>
<status status="PASS" starttime="20220210 10:15:44.885" endtime="20220210 10:15:44.887"/>
</for>
<status status="PASS" starttime="20220210 10:15:44.883" endtime="20220210 10:15:44.887"/>
</test>
<status status="PASS" starttime="20220210 10:15:44.842" endtime="20220210 10:15:44.888"/>
</suite>
<statistics>
<total>
<stat pass="2" fail="0" skip="0">All Tests</stat>
</total>
<tag>
</tag>
<suite>
<stat pass="2" fail="0" skip="0" id="s1" name="Demo2 Suite">Demo2 Suite</stat>
</suite>
</statistics>
<errors>
</errors>
</robot>
